Using pre-set license
Built from '2020.2/release' branch; Version is '2020.2.2f1 (068178b99f32) revision 426360'; Using compiler version '192528614'; Build Type 'Release'
OS: 'Windows 10 Home Single Language; OS build 19042.928; Version 2009; 64bit' Language: 'ru' Physical Memory: 16304 MB
BatchMode: 1, IsHumanControllingUs: 0, StartBugReporterOnCrash: 0, Is64bit: 1, IsPro: 0

 COMMAND LINE ARGUMENTS:
C:\Program Files\Unity\Hub\Editor\2020.2.2f1\Editor\Unity.exe
-adb2
-batchMode
-noUpm
-name
AssetImportWorker0
-projectPath
D:/Materials/Unity/SporeEditor
-logFile
Logs/AssetImportWorker0.log
-srvPort
58021
Successfully changed project path to: D:/Materials/Unity/SporeEditor
D:/Materials/Unity/SporeEditor
Using Asset Import Pipeline V2.
Refreshing native plugins compatible for Editor in 22.79 ms, found 0 plugins.
Preloading 0 native plugins for Editor in 0.00 ms.
Initialize engine version: 2020.2.2f1 (068178b99f32)
[Subsystems] Discovering subsystems at path C:/Program Files/Unity/Hub/Editor/2020.2.2f1/Editor/Data/Resources/UnitySubsystems
[Subsystems] Discovering subsystems at path D:/Materials/Unity/SporeEditor/Assets
GfxDevice: creating device client; threaded=0
Direct3D:
    Version:  Direct3D 11.0 [level 11.1]
    Renderer: NVIDIA GeForce GTX 1650 (ID=0x1f91)
    Vendor:   
    VRAM:     3962 MB
    Driver:   27.21.14.5206
Initialize mono
Mono path[0] = 'C:/Program Files/Unity/Hub/Editor/2020.2.2f1/Editor/Data/Managed'
Mono path[1] = 'C:/Program Files/Unity/Hub/Editor/2020.2.2f1/Editor/Data/MonoBleedingEdge/lib/mono/unityjit'
Mono config path = 'C:/Program Files/Unity/Hub/Editor/2020.2.2f1/Editor/Data/MonoBleedingEdge/etc'
Using monoOptions --debugger-agent=transport=dt_socket,embedding=1,server=y,suspend=n,address=127.0.0.1:56160
Begin MonoManager ReloadAssembly
Registering precompiled unity dll's ...
Register platform support module: C:/Program Files/Unity/Hub/Editor/2020.2.2f1/Editor/Data/PlaybackEngines/WindowsStandaloneSupport/UnityEditor.WindowsStandalone.Extensions.dll
Registered in 0.001608 seconds.
Native extension for WindowsStandalone target not found
Refreshing native plugins compatible for Editor in 24.24 ms, found 0 plugins.
Preloading 0 native plugins for Editor in 0.00 ms.
Invoked RoslynAnalysisRunner static constructor.
RoslynAnalysisRunner will not be running.
RoslynAnalysisRunner has terminated.
Mono: successfully reloaded assembly
- Completed reload, in  1.801 seconds
Platform modules already initialized, skipping
Registering precompiled user dll's ...
Registered in 0.000596 seconds.
Begin MonoManager ReloadAssembly
Native extension for WindowsStandalone target not found
Refreshing native plugins compatible for Editor in 0.19 ms, found 0 plugins.
Preloading 0 native plugins for Editor in 0.00 ms.
Invoked RoslynAnalysisRunner static constructor.
RoslynAnalysisRunner will not be running.
RoslynAnalysisRunner has terminated.
Mono: successfully reloaded assembly
- Completed reload, in  0.888 seconds
Platform modules already initialized, skipping
========================================================================
Worker process is ready to serve import requests
Launched and connected shader compiler UnityShaderCompiler.exe after 0.03 seconds
Refreshing native plugins compatible for Editor in 0.19 ms, found 0 plugins.
Preloading 0 native plugins for Editor in 0.00 ms.
Unloading 1113 Unused Serialized files (Serialized files now loaded: 0)
System memory in use before: 57.5 MB.
System memory in use after: 57.6 MB.

Unloading 10 unused Assets to reduce memory usage. Loaded Objects now: 1558.
Total: 1.539000 ms (FindLiveObjects: 0.126700 ms CreateObjectMapping: 0.037100 ms MarkObjects: 1.305200 ms  DeleteObjects: 0.069100 ms)

========================================================================
Received Import Request.
  path: Assets/BodyManager.cs
  artifactKey: Guid(a62939b2883e13b4a803b92548bf65a8) Importer(815301076,1909f56bfc062723c751e8b465ee728b)
Start importing Assets/BodyManager.cs using Guid(a62939b2883e13b4a803b92548bf65a8) Importer(815301076,1909f56bfc062723c751e8b465ee728b)  -> (artifact id: '7e1080cec44428863ca5ca6682188198') in 0.019879 seconds
  Import took 0.021685 seconds .

========================================================================
Received Import Request.
  Time since last request: 41.676722 seconds.
  path: Assets/BodyManager.cs
  artifactKey: Guid(a62939b2883e13b4a803b92548bf65a8) Importer(815301076,1909f56bfc062723c751e8b465ee728b)
Start importing Assets/BodyManager.cs using Guid(a62939b2883e13b4a803b92548bf65a8) Importer(815301076,1909f56bfc062723c751e8b465ee728b)  -> (artifact id: 'f22ed0b4aa253d08999040f43ec3928d') in 0.001752 seconds
  Import took 0.003675 seconds .

========================================================================
Received Import Request.
  Time since last request: 12.771491 seconds.
  path: Assets/BodyManager.cs
  artifactKey: Guid(a62939b2883e13b4a803b92548bf65a8) Importer(815301076,1909f56bfc062723c751e8b465ee728b)
Start importing Assets/BodyManager.cs using Guid(a62939b2883e13b4a803b92548bf65a8) Importer(815301076,1909f56bfc062723c751e8b465ee728b)  -> (artifact id: '64f95c69ed773de5ff13318c535f25e3') in 0.001720 seconds
  Import took 0.003406 seconds .

========================================================================
Received Import Request.
  Time since last request: 146.009799 seconds.
  path: Assets/BodyManager.cs
  artifactKey: Guid(a62939b2883e13b4a803b92548bf65a8) Importer(815301076,1909f56bfc062723c751e8b465ee728b)
Start importing Assets/BodyManager.cs using Guid(a62939b2883e13b4a803b92548bf65a8) Importer(815301076,1909f56bfc062723c751e8b465ee728b)  -> (artifact id: 'a76e34185f2bb008ed0749367798f336') in 0.001867 seconds
  Import took 0.003807 seconds .

========================================================================
Received Import Request.
  Time since last request: 23.046948 seconds.
  path: Assets/BodyManager.cs
  artifactKey: Guid(a62939b2883e13b4a803b92548bf65a8) Importer(815301076,1909f56bfc062723c751e8b465ee728b)
Start importing Assets/BodyManager.cs using Guid(a62939b2883e13b4a803b92548bf65a8) Importer(815301076,1909f56bfc062723c751e8b465ee728b)  -> (artifact id: '2a54df17b72b3edc6cfc5b03e185fdee') in 0.001901 seconds
  Import took 0.003662 seconds .

========================================================================
Received Import Request.
  Time since last request: 15.285661 seconds.
  path: Assets/BodyManager.cs
  artifactKey: Guid(a62939b2883e13b4a803b92548bf65a8) Importer(815301076,1909f56bfc062723c751e8b465ee728b)
Start importing Assets/BodyManager.cs using Guid(a62939b2883e13b4a803b92548bf65a8) Importer(815301076,1909f56bfc062723c751e8b465ee728b)  -> (artifact id: '3506836be0aa8c9066902feb4103ae7a') in 0.001890 seconds
  Import took 0.003645 seconds .

========================================================================
Received Import Request.
  Time since last request: 10.806161 seconds.
  path: Assets/BodyManager.cs
  artifactKey: Guid(a62939b2883e13b4a803b92548bf65a8) Importer(815301076,1909f56bfc062723c751e8b465ee728b)
Start importing Assets/BodyManager.cs using Guid(a62939b2883e13b4a803b92548bf65a8) Importer(815301076,1909f56bfc062723c751e8b465ee728b)  -> (artifact id: 'f3be5f509addf076daa946af402150ee') in 0.001914 seconds
  Import took 0.003662 seconds .

========================================================================
Received Import Request.
  Time since last request: 33.149296 seconds.
  path: Assets/BodyManager.cs
  artifactKey: Guid(a62939b2883e13b4a803b92548bf65a8) Importer(815301076,1909f56bfc062723c751e8b465ee728b)
Start importing Assets/BodyManager.cs using Guid(a62939b2883e13b4a803b92548bf65a8) Importer(815301076,1909f56bfc062723c751e8b465ee728b)  -> (artifact id: '8c8d437d89f13ed6c1f77efd96aaed2c') in 0.002332 seconds
  Import took 0.004121 seconds .

========================================================================
Received Import Request.
  Time since last request: 69.575866 seconds.
  path: Assets/BodyManager.cs
  artifactKey: Guid(a62939b2883e13b4a803b92548bf65a8) Importer(815301076,1909f56bfc062723c751e8b465ee728b)
Start importing Assets/BodyManager.cs using Guid(a62939b2883e13b4a803b92548bf65a8) Importer(815301076,1909f56bfc062723c751e8b465ee728b)  -> (artifact id: 'ee4bb4097ad7435ced15c1ad5e8ea30a') in 0.001861 seconds
  Import took 0.004012 seconds .

========================================================================
Received Import Request.
  Time since last request: 28.870398 seconds.
  path: Assets/BodyManager.cs
  artifactKey: Guid(a62939b2883e13b4a803b92548bf65a8) Importer(815301076,1909f56bfc062723c751e8b465ee728b)
Start importing Assets/BodyManager.cs using Guid(a62939b2883e13b4a803b92548bf65a8) Importer(815301076,1909f56bfc062723c751e8b465ee728b)  -> (artifact id: '54eb891a190722895a95f6eb9074c804') in 0.001764 seconds
  Import took 0.003363 seconds .

========================================================================
Received Import Request.
  Time since last request: 36.313325 seconds.
  path: Assets/BodyManager.cs
  artifactKey: Guid(a62939b2883e13b4a803b92548bf65a8) Importer(815301076,1909f56bfc062723c751e8b465ee728b)
Start importing Assets/BodyManager.cs using Guid(a62939b2883e13b4a803b92548bf65a8) Importer(815301076,1909f56bfc062723c751e8b465ee728b)  -> (artifact id: 'e5c1b7ac5456002c789da7d0cbadc735') in 0.001939 seconds
  Import took 0.003679 seconds .

========================================================================
Received Import Request.
  Time since last request: 22.799807 seconds.
  path: Assets/BodyManager.cs
  artifactKey: Guid(a62939b2883e13b4a803b92548bf65a8) Importer(815301076,1909f56bfc062723c751e8b465ee728b)
Start importing Assets/BodyManager.cs using Guid(a62939b2883e13b4a803b92548bf65a8) Importer(815301076,1909f56bfc062723c751e8b465ee728b)  -> (artifact id: 'f66207d029ed6d185ed9fc93b6c3e4d2') in 0.001804 seconds
  Import took 0.003672 seconds .

========================================================================
Received Import Request.
  Time since last request: 32.585510 seconds.
  path: Assets/BodyManager.cs
  artifactKey: Guid(a62939b2883e13b4a803b92548bf65a8) Importer(815301076,1909f56bfc062723c751e8b465ee728b)
Start importing Assets/BodyManager.cs using Guid(a62939b2883e13b4a803b92548bf65a8) Importer(815301076,1909f56bfc062723c751e8b465ee728b)  -> (artifact id: '92583f77f64d6b08a7669f6e280cdea0') in 0.001930 seconds
  Import took 0.004308 seconds .

========================================================================
Received Import Request.
  Time since last request: 23.873268 seconds.
  path: Assets/BodyManager.cs
  artifactKey: Guid(a62939b2883e13b4a803b92548bf65a8) Importer(815301076,1909f56bfc062723c751e8b465ee728b)
Start importing Assets/BodyManager.cs using Guid(a62939b2883e13b4a803b92548bf65a8) Importer(815301076,1909f56bfc062723c751e8b465ee728b)  -> (artifact id: 'ca9b00c6f351565a5c9105a057dcbeff') in 0.001712 seconds
  Import took 0.003484 seconds .

========================================================================
Received Prepare
Registering precompiled user dll's ...
Registered in 0.000573 seconds.
Begin MonoManager ReloadAssembly
Native extension for WindowsStandalone target not found
Refreshing native plugins compatible for Editor in 0.21 ms, found 0 plugins.
Preloading 0 native plugins for Editor in 0.00 ms.
Invoked RoslynAnalysisRunner static constructor.
RoslynAnalysisRunner will not be running.
RoslynAnalysisRunner has terminated.
Mono: successfully reloaded assembly
- Completed reload, in  0.747 seconds
Platform modules already initialized, skipping
Refreshing native plugins compatible for Editor in 0.19 ms, found 0 plugins.
Preloading 0 native plugins for Editor in 0.00 ms.
Unloading 1108 Unused Serialized files (Serialized files now loaded: 0)
System memory in use before: 57.8 MB.
System memory in use after: 57.9 MB.

Unloading 5 unused Assets to reduce memory usage. Loaded Objects now: 1561.
Total: 1.656000 ms (FindLiveObjects: 0.181200 ms CreateObjectMapping: 0.044300 ms MarkObjects: 1.379900 ms  DeleteObjects: 0.049400 ms)

========================================================================
Received Prepare
Registering precompiled user dll's ...
Registered in 0.001189 seconds.
Begin MonoManager ReloadAssembly
Native extension for WindowsStandalone target not found
Refreshing native plugins compatible for Editor in 0.25 ms, found 0 plugins.
Preloading 0 native plugins for Editor in 0.00 ms.
Invoked RoslynAnalysisRunner static constructor.
RoslynAnalysisRunner will not be running.
RoslynAnalysisRunner has terminated.
Mono: successfully reloaded assembly
- Completed reload, in  1.226 seconds
Platform modules already initialized, skipping
Refreshing native plugins compatible for Editor in 0.26 ms, found 0 plugins.
Preloading 0 native plugins for Editor in 0.00 ms.
Unloading 1108 Unused Serialized files (Serialized files now loaded: 0)
System memory in use before: 58.2 MB.
System memory in use after: 58.2 MB.

Unloading 5 unused Assets to reduce memory usage. Loaded Objects now: 1564.
Total: 2.377800 ms (FindLiveObjects: 0.226400 ms CreateObjectMapping: 0.074300 ms MarkObjects: 2.009000 ms  DeleteObjects: 0.066900 ms)

========================================================================
Received Import Request.
  Time since last request: 132.144374 seconds.
  path: Assets/BodyManager.cs
  artifactKey: Guid(a62939b2883e13b4a803b92548bf65a8) Importer(815301076,1909f56bfc062723c751e8b465ee728b)
Start importing Assets/BodyManager.cs using Guid(a62939b2883e13b4a803b92548bf65a8) Importer(815301076,1909f56bfc062723c751e8b465ee728b)  -> (artifact id: 'd9e3c87bf3fa92a8bd10cc6b2344d70a') in 0.005014 seconds
  Import took 0.007626 seconds .

========================================================================
Received Prepare
Registering precompiled user dll's ...
Registered in 0.000826 seconds.
Begin MonoManager ReloadAssembly
Native extension for WindowsStandalone target not found
Refreshing native plugins compatible for Editor in 0.28 ms, found 0 plugins.
Preloading 0 native plugins for Editor in 0.00 ms.
Invoked RoslynAnalysisRunner static constructor.
RoslynAnalysisRunner will not be running.
RoslynAnalysisRunner has terminated.
Mono: successfully reloaded assembly
- Completed reload, in  1.286 seconds
Platform modules already initialized, skipping
Refreshing native plugins compatible for Editor in 0.38 ms, found 0 plugins.
Preloading 0 native plugins for Editor in 0.00 ms.
Unloading 1108 Unused Serialized files (Serialized files now loaded: 0)
System memory in use before: 58.2 MB.
System memory in use after: 58.3 MB.

Unloading 5 unused Assets to reduce memory usage. Loaded Objects now: 1567.
Total: 1.991900 ms (FindLiveObjects: 0.168900 ms CreateObjectMapping: 0.049600 ms MarkObjects: 1.712100 ms  DeleteObjects: 0.060200 ms)

========================================================================
Received Prepare
Registering precompiled user dll's ...
Registered in 0.000825 seconds.
Begin MonoManager ReloadAssembly
Native extension for WindowsStandalone target not found
Refreshing native plugins compatible for Editor in 0.19 ms, found 0 plugins.
Preloading 0 native plugins for Editor in 0.00 ms.
Invoked RoslynAnalysisRunner static constructor.
RoslynAnalysisRunner will not be running.
RoslynAnalysisRunner has terminated.
Mono: successfully reloaded assembly
- Completed reload, in  0.739 seconds
Platform modules already initialized, skipping
Refreshing native plugins compatible for Editor in 0.19 ms, found 0 plugins.
Preloading 0 native plugins for Editor in 0.00 ms.
Unloading 1108 Unused Serialized files (Serialized files now loaded: 0)
System memory in use before: 58.8 MB.
System memory in use after: 58.9 MB.

Unloading 5 unused Assets to reduce memory usage. Loaded Objects now: 1570.
Total: 1.312700 ms (FindLiveObjects: 0.110000 ms CreateObjectMapping: 0.029500 ms MarkObjects: 1.130400 ms  DeleteObjects: 0.042000 ms)

========================================================================
Received Prepare
Registering precompiled user dll's ...
Registered in 0.000553 seconds.
Begin MonoManager ReloadAssembly
Native extension for WindowsStandalone target not found
Refreshing native plugins compatible for Editor in 0.22 ms, found 0 plugins.
Preloading 0 native plugins for Editor in 0.00 ms.
Invoked RoslynAnalysisRunner static constructor.
RoslynAnalysisRunner will not be running.
RoslynAnalysisRunner has terminated.
Mono: successfully reloaded assembly
- Completed reload, in  0.795 seconds
Platform modules already initialized, skipping
Refreshing native plugins compatible for Editor in 0.18 ms, found 0 plugins.
Preloading 0 native plugins for Editor in 0.00 ms.
Unloading 1108 Unused Serialized files (Serialized files now loaded: 0)
System memory in use before: 59.2 MB.
System memory in use after: 59.3 MB.

Unloading 5 unused Assets to reduce memory usage. Loaded Objects now: 1573.
Total: 1.463100 ms (FindLiveObjects: 0.178000 ms CreateObjectMapping: 0.052200 ms MarkObjects: 1.186700 ms  DeleteObjects: 0.044900 ms)

========================================================================
Received Prepare
Registering precompiled user dll's ...
Registered in 0.000653 seconds.
Begin MonoManager ReloadAssembly
Native extension for WindowsStandalone target not found
Refreshing native plugins compatible for Editor in 0.19 ms, found 0 plugins.
Preloading 0 native plugins for Editor in 0.00 ms.
Invoked RoslynAnalysisRunner static constructor.
RoslynAnalysisRunner will not be running.
RoslynAnalysisRunner has terminated.
Mono: successfully reloaded assembly
- Completed reload, in  0.757 seconds
Platform modules already initialized, skipping
Refreshing native plugins compatible for Editor in 0.18 ms, found 0 plugins.
Preloading 0 native plugins for Editor in 0.00 ms.
Unloading 1108 Unused Serialized files (Serialized files now loaded: 0)
System memory in use before: 59.2 MB.
System memory in use after: 59.3 MB.

Unloading 5 unused Assets to reduce memory usage. Loaded Objects now: 1576.
Total: 1.366800 ms (FindLiveObjects: 0.121700 ms CreateObjectMapping: 0.029600 ms MarkObjects: 1.170700 ms  DeleteObjects: 0.043800 ms)

========================================================================
Received Prepare
Registering precompiled user dll's ...
Registered in 0.000513 seconds.
Begin MonoManager ReloadAssembly
Native extension for WindowsStandalone target not found
Refreshing native plugins compatible for Editor in 0.21 ms, found 0 plugins.
Preloading 0 native plugins for Editor in 0.00 ms.
Invoked RoslynAnalysisRunner static constructor.
RoslynAnalysisRunner will not be running.
RoslynAnalysisRunner has terminated.
Mono: successfully reloaded assembly
- Completed reload, in  0.778 seconds
Platform modules already initialized, skipping
Refreshing native plugins compatible for Editor in 0.18 ms, found 0 plugins.
Preloading 0 native plugins for Editor in 0.00 ms.
Unloading 1108 Unused Serialized files (Serialized files now loaded: 0)
System memory in use before: 58.9 MB.
System memory in use after: 58.9 MB.

Unloading 5 unused Assets to reduce memory usage. Loaded Objects now: 1579.
Total: 1.617500 ms (FindLiveObjects: 0.164300 ms CreateObjectMapping: 0.039300 ms MarkObjects: 1.365300 ms  DeleteObjects: 0.046900 ms)

========================================================================
Received Prepare
Registering precompiled user dll's ...
Registered in 0.000558 seconds.
Begin MonoManager ReloadAssembly
Native extension for WindowsStandalone target not found
Refreshing native plugins compatible for Editor in 0.23 ms, found 0 plugins.
Preloading 0 native plugins for Editor in 0.00 ms.
Invoked RoslynAnalysisRunner static constructor.
RoslynAnalysisRunner will not be running.
RoslynAnalysisRunner has terminated.
Mono: successfully reloaded assembly
- Completed reload, in  0.778 seconds
Platform modules already initialized, skipping
Refreshing native plugins compatible for Editor in 0.18 ms, found 0 plugins.
Preloading 0 native plugins for Editor in 0.00 ms.
Unloading 1108 Unused Serialized files (Serialized files now loaded: 0)
System memory in use before: 59.2 MB.
System memory in use after: 59.3 MB.

Unloading 5 unused Assets to reduce memory usage. Loaded Objects now: 1582.
Total: 1.531400 ms (FindLiveObjects: 0.157800 ms CreateObjectMapping: 0.038200 ms MarkObjects: 1.272100 ms  DeleteObjects: 0.062300 ms)

========================================================================
Received Prepare
Registering precompiled user dll's ...
Registered in 0.000607 seconds.
Begin MonoManager ReloadAssembly
Native extension for WindowsStandalone target not found
Refreshing native plugins compatible for Editor in 0.19 ms, found 0 plugins.
Preloading 0 native plugins for Editor in 0.00 ms.
Invoked RoslynAnalysisRunner static constructor.
RoslynAnalysisRunner will not be running.
RoslynAnalysisRunner has terminated.
Mono: successfully reloaded assembly
- Completed reload, in  0.779 seconds
Platform modules already initialized, skipping
Refreshing native plugins compatible for Editor in 0.18 ms, found 0 plugins.
Preloading 0 native plugins for Editor in 0.00 ms.
Unloading 1108 Unused Serialized files (Serialized files now loaded: 0)
System memory in use before: 59.2 MB.
System memory in use after: 59.3 MB.

Unloading 5 unused Assets to reduce memory usage. Loaded Objects now: 1585.
Total: 1.817900 ms (FindLiveObjects: 0.188400 ms CreateObjectMapping: 0.058800 ms MarkObjects: 1.518000 ms  DeleteObjects: 0.051600 ms)

========================================================================
Received Prepare
Registering precompiled user dll's ...
Registered in 0.000527 seconds.
Begin MonoManager ReloadAssembly
Native extension for WindowsStandalone target not found
Refreshing native plugins compatible for Editor in 0.18 ms, found 0 plugins.
Preloading 0 native plugins for Editor in 0.00 ms.
Invoked RoslynAnalysisRunner static constructor.
RoslynAnalysisRunner will not be running.
RoslynAnalysisRunner has terminated.
Mono: successfully reloaded assembly
- Completed reload, in  0.783 seconds
Platform modules already initialized, skipping
Refreshing native plugins compatible for Editor in 0.19 ms, found 0 plugins.
Preloading 0 native plugins for Editor in 0.00 ms.
Unloading 1108 Unused Serialized files (Serialized files now loaded: 0)
System memory in use before: 58.9 MB.
System memory in use after: 58.9 MB.

Unloading 5 unused Assets to reduce memory usage. Loaded Objects now: 1588.
Total: 1.377700 ms (FindLiveObjects: 0.159700 ms CreateObjectMapping: 0.042400 ms MarkObjects: 1.131600 ms  DeleteObjects: 0.042900 ms)

========================================================================
Received Prepare
Registering precompiled user dll's ...
Registered in 0.000565 seconds.
Begin MonoManager ReloadAssembly
Native extension for WindowsStandalone target not found
Refreshing native plugins compatible for Editor in 0.19 ms, found 0 plugins.
Preloading 0 native plugins for Editor in 0.00 ms.
Invoked RoslynAnalysisRunner static constructor.
RoslynAnalysisRunner will not be running.
RoslynAnalysisRunner has terminated.
Mono: successfully reloaded assembly
- Completed reload, in  0.772 seconds
Platform modules already initialized, skipping
Refreshing native plugins compatible for Editor in 0.18 ms, found 0 plugins.
Preloading 0 native plugins for Editor in 0.00 ms.
Unloading 1108 Unused Serialized files (Serialized files now loaded: 0)
System memory in use before: 59.2 MB.
System memory in use after: 59.3 MB.

Unloading 5 unused Assets to reduce memory usage. Loaded Objects now: 1591.
Total: 1.469700 ms (FindLiveObjects: 0.139600 ms CreateObjectMapping: 0.033000 ms MarkObjects: 1.250400 ms  DeleteObjects: 0.045800 ms)

========================================================================
Received Prepare
Registering precompiled user dll's ...
Registered in 0.000533 seconds.
Begin MonoManager ReloadAssembly
Native extension for WindowsStandalone target not found
Refreshing native plugins compatible for Editor in 0.18 ms, found 0 plugins.
Preloading 0 native plugins for Editor in 0.00 ms.
Invoked RoslynAnalysisRunner static constructor.
RoslynAnalysisRunner will not be running.
RoslynAnalysisRunner has terminated.
Mono: successfully reloaded assembly
- Completed reload, in  0.749 seconds
Platform modules already initialized, skipping
Refreshing native plugins compatible for Editor in 0.18 ms, found 0 plugins.
Preloading 0 native plugins for Editor in 0.00 ms.
Unloading 1108 Unused Serialized files (Serialized files now loaded: 0)
System memory in use before: 59.2 MB.
System memory in use after: 59.3 MB.

Unloading 5 unused Assets to reduce memory usage. Loaded Objects now: 1594.
Total: 1.353000 ms (FindLiveObjects: 0.137700 ms CreateObjectMapping: 0.032800 ms MarkObjects: 1.138700 ms  DeleteObjects: 0.042700 ms)

========================================================================
Received Prepare
Registering precompiled user dll's ...
Registered in 0.000602 seconds.
Begin MonoManager ReloadAssembly
Native extension for WindowsStandalone target not found
Refreshing native plugins compatible for Editor in 0.28 ms, found 0 plugins.
Preloading 0 native plugins for Editor in 0.00 ms.
Invoked RoslynAnalysisRunner static constructor.
RoslynAnalysisRunner will not be running.
RoslynAnalysisRunner has terminated.
Mono: successfully reloaded assembly
- Completed reload, in  0.764 seconds
Platform modules already initialized, skipping
Refreshing native plugins compatible for Editor in 0.20 ms, found 0 plugins.
Preloading 0 native plugins for Editor in 0.00 ms.
Unloading 1108 Unused Serialized files (Serialized files now loaded: 0)
System memory in use before: 58.9 MB.
System memory in use after: 58.9 MB.

Unloading 5 unused Assets to reduce memory usage. Loaded Objects now: 1597.
Total: 1.867100 ms (FindLiveObjects: 0.138500 ms CreateObjectMapping: 0.043100 ms MarkObjects: 1.637500 ms  DeleteObjects: 0.046500 ms)

========================================================================
Received Prepare
Registering precompiled user dll's ...
Registered in 0.000629 seconds.
Begin MonoManager ReloadAssembly
Native extension for WindowsStandalone target not found
Refreshing native plugins compatible for Editor in 0.19 ms, found 0 plugins.
Preloading 0 native plugins for Editor in 0.00 ms.
Invoked RoslynAnalysisRunner static constructor.
RoslynAnalysisRunner will not be running.
RoslynAnalysisRunner has terminated.
Mono: successfully reloaded assembly
- Completed reload, in  0.765 seconds
Platform modules already initialized, skipping
Refreshing native plugins compatible for Editor in 0.29 ms, found 0 plugins.
Preloading 0 native plugins for Editor in 0.00 ms.
Unloading 1108 Unused Serialized files (Serialized files now loaded: 0)
System memory in use before: 59.2 MB.
System memory in use after: 59.3 MB.

Unloading 5 unused Assets to reduce memory usage. Loaded Objects now: 1600.
Total: 1.682500 ms (FindLiveObjects: 0.192600 ms CreateObjectMapping: 0.062900 ms MarkObjects: 1.380000 ms  DeleteObjects: 0.045900 ms)

========================================================================
Received Prepare
Registering precompiled user dll's ...
Registered in 0.000668 seconds.
Begin MonoManager ReloadAssembly
Native extension for WindowsStandalone target not found
Refreshing native plugins compatible for Editor in 0.20 ms, found 0 plugins.
Preloading 0 native plugins for Editor in 0.00 ms.
Invoked RoslynAnalysisRunner static constructor.
RoslynAnalysisRunner will not be running.
RoslynAnalysisRunner has terminated.
Mono: successfully reloaded assembly
- Completed reload, in  0.747 seconds
Platform modules already initialized, skipping
Refreshing native plugins compatible for Editor in 0.18 ms, found 0 plugins.
Preloading 0 native plugins for Editor in 0.00 ms.
Unloading 1108 Unused Serialized files (Serialized files now loaded: 0)
System memory in use before: 59.3 MB.
System memory in use after: 59.4 MB.

Unloading 5 unused Assets to reduce memory usage. Loaded Objects now: 1603.
Total: 1.599500 ms (FindLiveObjects: 0.177900 ms CreateObjectMapping: 0.047500 ms MarkObjects: 1.315300 ms  DeleteObjects: 0.057700 ms)

========================================================================
Received Prepare
Registering precompiled user dll's ...
Registered in 0.000526 seconds.
Begin MonoManager ReloadAssembly
Native extension for WindowsStandalone target not found
Refreshing native plugins compatible for Editor in 0.27 ms, found 0 plugins.
Preloading 0 native plugins for Editor in 0.00 ms.
Invoked RoslynAnalysisRunner static constructor.
RoslynAnalysisRunner will not be running.
RoslynAnalysisRunner has terminated.
Mono: successfully reloaded assembly
- Completed reload, in  0.729 seconds
Platform modules already initialized, skipping
Refreshing native plugins compatible for Editor in 0.21 ms, found 0 plugins.
Preloading 0 native plugins for Editor in 0.00 ms.
Unloading 1108 Unused Serialized files (Serialized files now loaded: 0)
System memory in use before: 58.9 MB.
System memory in use after: 59.0 MB.

Unloading 5 unused Assets to reduce memory usage. Loaded Objects now: 1606.
Total: 1.564400 ms (FindLiveObjects: 0.178400 ms CreateObjectMapping: 0.057400 ms MarkObjects: 1.284200 ms  DeleteObjects: 0.043500 ms)

========================================================================
Received Prepare
Registering precompiled user dll's ...
Registered in 0.000744 seconds.
Begin MonoManager ReloadAssembly
Native extension for WindowsStandalone target not found
Refreshing native plugins compatible for Editor in 0.18 ms, found 0 plugins.
Preloading 0 native plugins for Editor in 0.00 ms.
Invoked RoslynAnalysisRunner static constructor.
RoslynAnalysisRunner will not be running.
RoslynAnalysisRunner has terminated.
Mono: successfully reloaded assembly
- Completed reload, in  0.729 seconds
Platform modules already initialized, skipping
Refreshing native plugins compatible for Editor in 0.19 ms, found 0 plugins.
Preloading 0 native plugins for Editor in 0.00 ms.
Unloading 1108 Unused Serialized files (Serialized files now loaded: 0)
System memory in use before: 59.2 MB.
System memory in use after: 59.3 MB.

Unloading 5 unused Assets to reduce memory usage. Loaded Objects now: 1609.
Total: 1.379600 ms (FindLiveObjects: 0.117400 ms CreateObjectMapping: 0.033100 ms MarkObjects: 1.186400 ms  DeleteObjects: 0.041400 ms)

========================================================================
Received Prepare
Registering precompiled user dll's ...
Registered in 0.000539 seconds.
Begin MonoManager ReloadAssembly
Native extension for WindowsStandalone target not found
Refreshing native plugins compatible for Editor in 0.30 ms, found 0 plugins.
Preloading 0 native plugins for Editor in 0.00 ms.
Invoked RoslynAnalysisRunner static constructor.
RoslynAnalysisRunner will not be running.
RoslynAnalysisRunner has terminated.
Mono: successfully reloaded assembly
- Completed reload, in  0.777 seconds
Platform modules already initialized, skipping
Refreshing native plugins compatible for Editor in 0.18 ms, found 0 plugins.
Preloading 0 native plugins for Editor in 0.00 ms.
Unloading 1108 Unused Serialized files (Serialized files now loaded: 0)
System memory in use before: 59.3 MB.
System memory in use after: 59.4 MB.

Unloading 5 unused Assets to reduce memory usage. Loaded Objects now: 1612.
Total: 2.324500 ms (FindLiveObjects: 0.150500 ms CreateObjectMapping: 0.038200 ms MarkObjects: 2.075200 ms  DeleteObjects: 0.059000 ms)

========================================================================
Received Prepare
Registering precompiled user dll's ...
Registered in 0.000552 seconds.
Begin MonoManager ReloadAssembly
Native extension for WindowsStandalone target not found
Refreshing native plugins compatible for Editor in 0.30 ms, found 0 plugins.
Preloading 0 native plugins for Editor in 0.00 ms.
Invoked RoslynAnalysisRunner static constructor.
RoslynAnalysisRunner will not be running.
RoslynAnalysisRunner has terminated.
Mono: successfully reloaded assembly
- Completed reload, in  0.777 seconds
Platform modules already initialized, skipping
Refreshing native plugins compatible for Editor in 0.18 ms, found 0 plugins.
Preloading 0 native plugins for Editor in 0.00 ms.
Unloading 1108 Unused Serialized files (Serialized files now loaded: 0)
System memory in use before: 58.9 MB.
System memory in use after: 59.0 MB.

Unloading 5 unused Assets to reduce memory usage. Loaded Objects now: 1615.
Total: 1.556100 ms (FindLiveObjects: 0.189900 ms CreateObjectMapping: 0.057900 ms MarkObjects: 1.259000 ms  DeleteObjects: 0.048400 ms)

========================================================================
Received Prepare
Registering precompiled user dll's ...
Registered in 0.000524 seconds.
Begin MonoManager ReloadAssembly
Native extension for WindowsStandalone target not found
Refreshing native plugins compatible for Editor in 0.22 ms, found 0 plugins.
Preloading 0 native plugins for Editor in 0.00 ms.
Invoked RoslynAnalysisRunner static constructor.
RoslynAnalysisRunner will not be running.
RoslynAnalysisRunner has terminated.
Mono: successfully reloaded assembly
- Completed reload, in  0.757 seconds
Platform modules already initialized, skipping
Refreshing native plugins compatible for Editor in 0.20 ms, found 0 plugins.
Preloading 0 native plugins for Editor in 0.00 ms.
Unloading 1108 Unused Serialized files (Serialized files now loaded: 0)
System memory in use before: 59.3 MB.
System memory in use after: 59.3 MB.

Unloading 5 unused Assets to reduce memory usage. Loaded Objects now: 1618.
Total: 1.525000 ms (FindLiveObjects: 0.128800 ms CreateObjectMapping: 0.032000 ms MarkObjects: 1.316100 ms  DeleteObjects: 0.047000 ms)

========================================================================
Received Prepare
Registering precompiled user dll's ...
Registered in 0.000578 seconds.
Begin MonoManager ReloadAssembly
Native extension for WindowsStandalone target not found
Refreshing native plugins compatible for Editor in 0.19 ms, found 0 plugins.
Preloading 0 native plugins for Editor in 0.00 ms.
Invoked RoslynAnalysisRunner static constructor.
RoslynAnalysisRunner will not be running.
RoslynAnalysisRunner has terminated.
Mono: successfully reloaded assembly
- Completed reload, in  0.730 seconds
Platform modules already initialized, skipping
Refreshing native plugins compatible for Editor in 0.18 ms, found 0 plugins.
Preloading 0 native plugins for Editor in 0.00 ms.
Unloading 1108 Unused Serialized files (Serialized files now loaded: 0)
System memory in use before: 59.3 MB.
System memory in use after: 59.4 MB.

Unloading 5 unused Assets to reduce memory usage. Loaded Objects now: 1621.
Total: 1.414800 ms (FindLiveObjects: 0.128100 ms CreateObjectMapping: 0.033800 ms MarkObjects: 1.206600 ms  DeleteObjects: 0.045000 ms)

========================================================================
Received Prepare
Registering precompiled user dll's ...
Registered in 0.000794 seconds.
Begin MonoManager ReloadAssembly
Native extension for WindowsStandalone target not found
Refreshing native plugins compatible for Editor in 0.26 ms, found 0 plugins.
Preloading 0 native plugins for Editor in 0.00 ms.
Invoked RoslynAnalysisRunner static constructor.
RoslynAnalysisRunner will not be running.
RoslynAnalysisRunner has terminated.
Mono: successfully reloaded assembly
- Completed reload, in  0.744 seconds
Platform modules already initialized, skipping
Refreshing native plugins compatible for Editor in 0.18 ms, found 0 plugins.
Preloading 0 native plugins for Editor in 0.00 ms.
Unloading 1108 Unused Serialized files (Serialized files now loaded: 0)
System memory in use before: 58.9 MB.
System memory in use after: 59.0 MB.

Unloading 5 unused Assets to reduce memory usage. Loaded Objects now: 1624.
Total: 1.460800 ms (FindLiveObjects: 0.179500 ms CreateObjectMapping: 0.060300 ms MarkObjects: 1.178500 ms  DeleteObjects: 0.041700 ms)

========================================================================
Received Prepare
Registering precompiled user dll's ...
Registered in 0.000544 seconds.
Begin MonoManager ReloadAssembly
Native extension for WindowsStandalone target not found
Refreshing native plugins compatible for Editor in 0.26 ms, found 0 plugins.
Preloading 0 native plugins for Editor in 0.00 ms.
Invoked RoslynAnalysisRunner static constructor.
RoslynAnalysisRunner will not be running.
RoslynAnalysisRunner has terminated.
Mono: successfully reloaded assembly
- Completed reload, in  0.793 seconds
Platform modules already initialized, skipping
Refreshing native plugins compatible for Editor in 0.18 ms, found 0 plugins.
Preloading 0 native plugins for Editor in 0.00 ms.
Unloading 1108 Unused Serialized files (Serialized files now loaded: 0)
System memory in use before: 59.3 MB.
System memory in use after: 59.3 MB.

Unloading 5 unused Assets to reduce memory usage. Loaded Objects now: 1627.
Total: 1.460800 ms (FindLiveObjects: 0.132400 ms CreateObjectMapping: 0.036000 ms MarkObjects: 1.243900 ms  DeleteObjects: 0.047200 ms)

========================================================================
Received Prepare
Registering precompiled user dll's ...
Registered in 0.000759 seconds.
Begin MonoManager ReloadAssembly
Native extension for WindowsStandalone target not found
Refreshing native plugins compatible for Editor in 0.18 ms, found 0 plugins.
Preloading 0 native plugins for Editor in 0.00 ms.
Invoked RoslynAnalysisRunner static constructor.
RoslynAnalysisRunner will not be running.
RoslynAnalysisRunner has terminated.
Mono: successfully reloaded assembly
- Completed reload, in  0.756 seconds
Platform modules already initialized, skipping
Refreshing native plugins compatible for Editor in 0.21 ms, found 0 plugins.
Preloading 0 native plugins for Editor in 0.00 ms.
Unloading 1108 Unused Serialized files (Serialized files now loaded: 0)
System memory in use before: 59.3 MB.
System memory in use after: 59.4 MB.

Unloading 5 unused Assets to reduce memory usage. Loaded Objects now: 1630.
Total: 1.409200 ms (FindLiveObjects: 0.173200 ms CreateObjectMapping: 0.043400 ms MarkObjects: 1.146600 ms  DeleteObjects: 0.044700 ms)

========================================================================
Received Prepare
Registering precompiled user dll's ...
Registered in 0.000547 seconds.
Begin MonoManager ReloadAssembly
Native extension for WindowsStandalone target not found
Refreshing native plugins compatible for Editor in 0.20 ms, found 0 plugins.
Preloading 0 native plugins for Editor in 0.00 ms.
Invoked RoslynAnalysisRunner static constructor.
RoslynAnalysisRunner will not be running.
RoslynAnalysisRunner has terminated.
Mono: successfully reloaded assembly
- Completed reload, in  0.772 seconds
Platform modules already initialized, skipping
Refreshing native plugins compatible for Editor in 0.21 ms, found 0 plugins.
Preloading 0 native plugins for Editor in 0.00 ms.
Unloading 1108 Unused Serialized files (Serialized files now loaded: 0)
System memory in use before: 58.9 MB.
System memory in use after: 59.0 MB.

Unloading 5 unused Assets to reduce memory usage. Loaded Objects now: 1633.
Total: 2.025400 ms (FindLiveObjects: 0.266500 ms CreateObjectMapping: 0.074000 ms MarkObjects: 1.633900 ms  DeleteObjects: 0.049600 ms)

========================================================================
Received Import Request.
  Time since last request: 2317.717098 seconds.
  path: Assets/Body.mat
  artifactKey: Guid(40bcf7f879ff8b9469f995a934889352) Importer(815301076,1909f56bfc062723c751e8b465ee728b)
Start importing Assets/Body.mat using Guid(40bcf7f879ff8b9469f995a934889352) Importer(815301076,1909f56bfc062723c751e8b465ee728b)  -> (artifact id: '6385c6364c1f0927ef19e6d542f4bd8f') in 0.118153 seconds
  Import took 0.120433 seconds .

========================================================================
Received Import Request.
  Time since last request: 14.111340 seconds.
  path: Assets/BodyMaterail.mat
  artifactKey: Guid(bf990e51cea58574ca33d0159bf21de1) Importer(815301076,1909f56bfc062723c751e8b465ee728b)
Start importing Assets/BodyMaterail.mat using Guid(bf990e51cea58574ca33d0159bf21de1) Importer(815301076,1909f56bfc062723c751e8b465ee728b)  -> (artifact id: '7998e070e2405de86c727560822e3d48') in 0.042316 seconds
  Import took 0.044571 seconds .

========================================================================
Received Prepare
Registering precompiled user dll's ...
Registered in 0.000513 seconds.
Begin MonoManager ReloadAssembly
Native extension for WindowsStandalone target not found
Refreshing native plugins compatible for Editor in 0.18 ms, found 0 plugins.
Preloading 0 native plugins for Editor in 0.00 ms.
Invoked RoslynAnalysisRunner static constructor.
RoslynAnalysisRunner will not be running.
RoslynAnalysisRunner has terminated.
Mono: successfully reloaded assembly
- Completed reload, in  0.760 seconds
Platform modules already initialized, skipping
Refreshing native plugins compatible for Editor in 0.28 ms, found 0 plugins.
Preloading 0 native plugins for Editor in 0.00 ms.
Unloading 1108 Unused Serialized files (Serialized files now loaded: 0)
System memory in use before: 62.6 MB.
System memory in use after: 62.7 MB.

Unloading 5 unused Assets to reduce memory usage. Loaded Objects now: 1676.
Total: 2.502600 ms (FindLiveObjects: 0.344500 ms CreateObjectMapping: 0.059000 ms MarkObjects: 2.039900 ms  DeleteObjects: 0.057800 ms)

========================================================================
Received Prepare
Registering precompiled user dll's ...
Registered in 0.000919 seconds.
Begin MonoManager ReloadAssembly
Native extension for WindowsStandalone target not found
Refreshing native plugins compatible for Editor in 0.18 ms, found 0 plugins.
Preloading 0 native plugins for Editor in 0.00 ms.
Invoked RoslynAnalysisRunner static constructor.
RoslynAnalysisRunner will not be running.
RoslynAnalysisRunner has terminated.
Mono: successfully reloaded assembly
- Completed reload, in  0.798 seconds
Platform modules already initialized, skipping
Refreshing native plugins compatible for Editor in 0.20 ms, found 0 plugins.
Preloading 0 native plugins for Editor in 0.00 ms.
Unloading 1108 Unused Serialized files (Serialized files now loaded: 0)
System memory in use before: 62.7 MB.
System memory in use after: 62.8 MB.

Unloading 5 unused Assets to reduce memory usage. Loaded Objects now: 1679.
Total: 1.727500 ms (FindLiveObjects: 0.198100 ms CreateObjectMapping: 0.050600 ms MarkObjects: 1.427300 ms  DeleteObjects: 0.050300 ms)

AssetImportWorkerClient::OnTransportError - code=2 error=End of file
